[debug] [2021-02-14T11:38:40.544Z] ----------------------------------------------------------------------
[debug] [2021-02-14T11:38:40.551Z] Command:       /home/wandile/.nvm/versions/node/v14.15.3/bin/node /home/wandile/.nvm/versions/node/v14.15.3/bin/firebase serve --only functions
[debug] [2021-02-14T11:38:40.552Z] CLI Version:   9.1.0
[debug] [2021-02-14T11:38:40.552Z] Platform:      linux
[debug] [2021-02-14T11:38:40.553Z] Node Version:  v14.15.3
[debug] [2021-02-14T11:38:40.554Z] Time:          Sun Feb 14 2021 13:38:40 GMT+0200 (South Africa Standard Time)
[debug] [2021-02-14T11:38:40.554Z] ----------------------------------------------------------------------
[debug] [2021-02-14T11:38:40.555Z] 
[debug] [2021-02-14T11:38:40.560Z] >>> [apiv2][query] GET https://firebase-public.firebaseio.com/cli.json [none]
[debug] [2021-02-14T11:38:40.628Z] > command requires scopes: ["email","openid","https://www.googleapis.com/auth/cloudplatformprojects.readonly","https://www.googleapis.com/auth/firebase","https://www.googleapis.com/auth/cloud-platform"]
[debug] [2021-02-14T11:38:40.629Z] > authorizing via signed-in user
[debug] [2021-02-14T11:38:40.630Z] [iam] checking project dmcpe-mifc for permissions ["firebase.projects.get"]
[debug] [2021-02-14T11:38:40.636Z] > refreshing access token with scopes: ["email","https://www.googleapis.com/auth/cloud-platform","https://www.googleapis.com/auth/cloudplatformprojects.readonly","https://www.googleapis.com/auth/firebase","openid"]
[debug] [2021-02-14T11:38:40.636Z] >>> HTTP REQUEST POST https://www.googleapis.com/oauth2/v3/token  
 <request body omitted>
[debug] [2021-02-14T11:38:42.033Z] <<< HTTP RESPONSE 200 {"pragma":"no-cache","date":"Sun, 14 Feb 2021 11:38:41 GMT","cache-control":"no-cache, no-store, max-age=0, must-revalidate","expires":"Mon, 01 Jan 1990 00:00:00 GMT","content-type":"application/json; charset=utf-8","vary":"X-Origin, Referer, Origin,Accept-Encoding","server":"scaffolding on HTTPServer2","x-xss-protection":"0","x-frame-options":"SAMEORIGIN","x-content-type-options":"nosniff","alt-svc":"h3-29=\":443\"; ma=2592000,h3-T051=\":443\"; ma=2592000,h3-Q050=\":443\"; ma=2592000,h3-Q046=\":443\"; ma=2592000,h3-Q043=\":443\"; ma=2592000,quic=\":443\"; ma=2592000; v=\"46,43\"","accept-ranges":"none","transfer-encoding":"chunked"}
[debug] [2021-02-14T11:38:42.047Z] >>> HTTP REQUEST POST https://cloudresourcemanager.googleapis.com/v1/projects/dmcpe-mifc:testIamPermissions  
 {"permissions":["firebase.projects.get"]}
[debug] [2021-02-14T11:38:42.491Z] <<< [apiv2][status] GET https://firebase-public.firebaseio.com/cli.json 200
[debug] [2021-02-14T11:38:42.492Z] <<< [apiv2][body] GET https://firebase-public.firebaseio.com/cli.json {"cloudBuildErrorAfter":1594252800000,"cloudBuildWarnAfter":1590019200000,"defaultNode10After":1594252800000,"minVersion":"3.0.5","node8DeploysDisabledAfter":1613390400000,"node8RuntimeDisabledAfter":1615809600000,"node8WarnAfter":1600128000000}
[debug] [2021-02-14T11:38:45.454Z] <<< HTTP RESPONSE 200 {"content-type":"application/json; charset=UTF-8","vary":"X-Origin, Referer, Origin,Accept-Encoding","date":"Sun, 14 Feb 2021 11:38:45 GMT","server":"ESF","cache-control":"private","x-xss-protection":"0","x-frame-options":"SAMEORIGIN","x-content-type-options":"nosniff","server-timing":"gfet4t7; dur=1480","alt-svc":"h3-29=\":443\"; ma=2592000,h3-T051=\":443\"; ma=2592000,h3-Q050=\":443\"; ma=2592000,h3-Q046=\":443\"; ma=2592000,h3-Q043=\":443\"; ma=2592000,quic=\":443\"; ma=2592000; v=\"46,43\"","accept-ranges":"none","transfer-encoding":"chunked"}
[debug] [2021-02-14T11:38:45.458Z] >>> HTTP REQUEST GET https://firebase.googleapis.com/v1beta1/projects/dmcpe-mifc  
 
[debug] [2021-02-14T11:38:46.252Z] <<< HTTP RESPONSE 200 {"content-type":"application/json; charset=UTF-8","vary":"X-Origin, Referer, Origin,Accept-Encoding","date":"Sun, 14 Feb 2021 11:38:46 GMT","server":"ESF","cache-control":"private","x-xss-protection":"0","x-frame-options":"SAMEORIGIN","x-content-type-options":"nosniff","alt-svc":"h3-29=\":443\"; ma=2592000,h3-T051=\":443\"; ma=2592000,h3-Q050=\":443\"; ma=2592000,h3-Q046=\":443\"; ma=2592000,h3-Q043=\":443\"; ma=2592000,quic=\":443\"; ma=2592000; v=\"46,43\"","accept-ranges":"none","transfer-encoding":"chunked"}
[warn] ⚠  Your requested "node" version "12" doesn't match your global version "14" {"metadata":{"emulator":{"name":"functions"},"message":"Your requested \"node\" version \"12\" doesn't match your global version \"14\""}}
[debug] [2021-02-14T11:38:46.307Z] defaultcredentials: writing to file /home/wandile/.config/firebase/wandile_chamane_gmail.com_application_default_credentials.json
[debug] [2021-02-14T11:38:46.316Z] Setting GAC to /home/wandile/.config/firebase/wandile_chamane_gmail.com_application_default_credentials.json {"metadata":{"emulator":{"name":"functions"},"message":"Setting GAC to /home/wandile/.config/firebase/wandile_chamane_gmail.com_application_default_credentials.json"}}
[info] i  functions: Watching "/home/wandile/work/Development/angular/dmcpe/functions" for Cloud Functions... {"metadata":{"emulator":{"name":"functions"},"message":"Watching \"/home/wandile/work/Development/angular/dmcpe/functions\" for Cloud Functions..."}}
[debug] [2021-02-14T11:38:46.398Z] [worker-pool] addWorker(~diagnostic~) {"metadata":{"emulator":{"name":"functions"},"message":"[worker-pool] addWorker(~diagnostic~)"}}
[debug] [2021-02-14T11:38:46.400Z] [worker-pool] Adding worker with key ~diagnostic~, total=1 {"metadata":{"emulator":{"name":"functions"},"message":"[worker-pool] Adding worker with key ~diagnostic~, total=1"}}
[debug] [2021-02-14T11:38:46.401Z] [worker-pool] submitWork(triggerId=) {"metadata":{"emulator":{"name":"functions"},"message":"[worker-pool] submitWork(triggerId=)"}}
[debug] [2021-02-14T11:38:46.403Z] [worker-~diagnostic~-802b999b-4eb8-4cb4-9750-1d75efd8f165]: Assigning socketPath: /tmp/fire_emu_7353.sock {"metadata":{"emulator":{"name":"functions"},"message":"[worker-~diagnostic~-802b999b-4eb8-4cb4-9750-1d75efd8f165]: Assigning socketPath: /tmp/fire_emu_7353.sock"}}
[debug] [2021-02-14T11:38:46.404Z] [worker-~diagnostic~-802b999b-4eb8-4cb4-9750-1d75efd8f165]: BUSY {"metadata":{"emulator":{"name":"functions"},"message":"[worker-~diagnostic~-802b999b-4eb8-4cb4-9750-1d75efd8f165]: BUSY"}}
[debug] [2021-02-14T11:38:47.095Z] [runtime-status] [7353] Functions runtime initialized. {"cwd":"/home/wandile/work/Development/angular/dmcpe/functions","node_version":"14.15.3"} {"metadata":{"emulator":{"name":"functions"},"message":"[runtime-status] [7353] Functions runtime initialized. {\"cwd\":\"/home/wandile/work/Development/angular/dmcpe/functions\",\"node_version\":\"14.15.3\"}"}}
[debug] [2021-02-14T11:38:47.102Z] [runtime-status] [7353] Disabled runtime features: undefined {"metadata":{"emulator":{"name":"functions"},"message":"[runtime-status] [7353] Disabled runtime features: undefined"}}
[debug] [2021-02-14T11:38:47.116Z] [runtime-status] [7353] Resolved module firebase-admin {"declared":true,"installed":true,"version":"9.4.2","resolution":"/home/wandile/work/Development/angular/dmcpe/functions/node_modules/firebase-admin/lib/index.js"} {"metadata":{"emulator":{"name":"functions"},"message":"[runtime-status] [7353] Resolved module firebase-admin {\"declared\":true,\"installed\":true,\"version\":\"9.4.2\",\"resolution\":\"/home/wandile/work/Development/angular/dmcpe/functions/node_modules/firebase-admin/lib/index.js\"}"}}
[debug] [2021-02-14T11:38:47.120Z] [runtime-status] [7353] Resolved module firebase-functions {"declared":true,"installed":true,"version":"3.13.0","resolution":"/home/wandile/work/Development/angular/dmcpe/functions/node_modules/firebase-functions/lib/index.js"} {"metadata":{"emulator":{"name":"functions"},"message":"[runtime-status] [7353] Resolved module firebase-functions {\"declared\":true,\"installed\":true,\"version\":\"3.13.0\",\"resolution\":\"/home/wandile/work/Development/angular/dmcpe/functions/node_modules/firebase-functions/lib/index.js\"}"}}
[debug] [2021-02-14T11:38:47.126Z] [runtime-status] [7353] Resolved module firebase-functions {"declared":true,"installed":true,"version":"3.13.0","resolution":"/home/wandile/work/Development/angular/dmcpe/functions/node_modules/firebase-functions/lib/index.js"} {"metadata":{"emulator":{"name":"functions"},"message":"[runtime-status] [7353] Resolved module firebase-functions {\"declared\":true,\"installed\":true,\"version\":\"3.13.0\",\"resolution\":\"/home/wandile/work/Development/angular/dmcpe/functions/node_modules/firebase-functions/lib/index.js\"}"}}
[debug] [2021-02-14T11:38:47.130Z] [runtime-status] [7353] Outgoing network have been stubbed. [{"name":"http","status":"mocked"},{"name":"http","status":"mocked"},{"name":"https","status":"mocked"},{"name":"https","status":"mocked"},{"name":"net","status":"mocked"}] {"metadata":{"emulator":{"name":"functions"},"message":"[runtime-status] [7353] Outgoing network have been stubbed. [{\"name\":\"http\",\"status\":\"mocked\"},{\"name\":\"http\",\"status\":\"mocked\"},{\"name\":\"https\",\"status\":\"mocked\"},{\"name\":\"https\",\"status\":\"mocked\"},{\"name\":\"net\",\"status\":\"mocked\"}]"}}
[debug] [2021-02-14T11:38:47.131Z] [runtime-status] [7353] Resolved module firebase-functions {"declared":true,"installed":true,"version":"3.13.0","resolution":"/home/wandile/work/Development/angular/dmcpe/functions/node_modules/firebase-functions/lib/index.js"} {"metadata":{"emulator":{"name":"functions"},"message":"[runtime-status] [7353] Resolved module firebase-functions {\"declared\":true,\"installed\":true,\"version\":\"3.13.0\",\"resolution\":\"/home/wandile/work/Development/angular/dmcpe/functions/node_modules/firebase-functions/lib/index.js\"}"}}
[debug] [2021-02-14T11:38:47.361Z] [runtime-status] [7353] Checked functions.config() {"config":{}} {"metadata":{"emulator":{"name":"functions"},"message":"[runtime-status] [7353] Checked functions.config() {\"config\":{}}"}}
[debug] [2021-02-14T11:38:47.363Z] [runtime-status] [7353] firebase-functions has been stubbed. {"functionsResolution":{"declared":true,"installed":true,"version":"3.13.0","resolution":"/home/wandile/work/Development/angular/dmcpe/functions/node_modules/firebase-functions/lib/index.js"}} {"metadata":{"emulator":{"name":"functions"},"message":"[runtime-status] [7353] firebase-functions has been stubbed. {\"functionsResolution\":{\"declared\":true,\"installed\":true,\"version\":\"3.13.0\",\"resolution\":\"/home/wandile/work/Development/angular/dmcpe/functions/node_modules/firebase-functions/lib/index.js\"}}"}}
[debug] [2021-02-14T11:38:47.369Z] [runtime-status] [7353] Resolved module firebase-functions {"declared":true,"installed":true,"version":"3.13.0","resolution":"/home/wandile/work/Development/angular/dmcpe/functions/node_modules/firebase-functions/lib/index.js"} {"metadata":{"emulator":{"name":"functions"},"message":"[runtime-status] [7353] Resolved module firebase-functions {\"declared\":true,\"installed\":true,\"version\":\"3.13.0\",\"resolution\":\"/home/wandile/work/Development/angular/dmcpe/functions/node_modules/firebase-functions/lib/index.js\"}"}}
[debug] [2021-02-14T11:38:47.376Z] [runtime-status] [7353] Resolved module firebase-admin {"declared":true,"installed":true,"version":"9.4.2","resolution":"/home/wandile/work/Development/angular/dmcpe/functions/node_modules/firebase-admin/lib/index.js"} {"metadata":{"emulator":{"name":"functions"},"message":"[runtime-status] [7353] Resolved module firebase-admin {\"declared\":true,\"installed\":true,\"version\":\"9.4.2\",\"resolution\":\"/home/wandile/work/Development/angular/dmcpe/functions/node_modules/firebase-admin/lib/index.js\"}"}}
[debug] [2021-02-14T11:38:47.377Z] [runtime-status] [7353] Resolved module firebase-functions {"declared":true,"installed":true,"version":"3.13.0","resolution":"/home/wandile/work/Development/angular/dmcpe/functions/node_modules/firebase-functions/lib/index.js"} {"metadata":{"emulator":{"name":"functions"},"message":"[runtime-status] [7353] Resolved module firebase-functions {\"declared\":true,\"installed\":true,\"version\":\"3.13.0\",\"resolution\":\"/home/wandile/work/Development/angular/dmcpe/functions/node_modules/firebase-functions/lib/index.js\"}"}}
[debug] [2021-02-14T11:38:47.378Z] [runtime-status] [7353] firebase-admin has been stubbed. {"adminResolution":{"declared":true,"installed":true,"version":"9.4.2","resolution":"/home/wandile/work/Development/angular/dmcpe/functions/node_modules/firebase-admin/lib/index.js"}} {"metadata":{"emulator":{"name":"functions"},"message":"[runtime-status] [7353] firebase-admin has been stubbed. {\"adminResolution\":{\"declared\":true,\"installed\":true,\"version\":\"9.4.2\",\"resolution\":\"/home/wandile/work/Development/angular/dmcpe/functions/node_modules/firebase-admin/lib/index.js\"}}"}}
[info] ✔  functions[bigben]: http function initialized (http://localhost:5000/dmcpe-mifc/us-central1/bigben). {"metadata":{"emulator":{"name":"functions"},"message":"\u001b[1mhttp\u001b[22m function initialized (http://localhost:5000/dmcpe-mifc/us-central1/bigben)."}}
[debug] [2021-02-14T11:38:47.969Z] [worker-~diagnostic~-802b999b-4eb8-4cb4-9750-1d75efd8f165]: IDLE {"metadata":{"emulator":{"name":"functions"},"message":"[worker-~diagnostic~-802b999b-4eb8-4cb4-9750-1d75efd8f165]: IDLE"}}
